<?xml version="1.0" encoding="utf-8"?><testsuites name="pytest tests"><testsuite name="pytest" errors="0" failures="0" skipped="0" tests="10" time="3.656" timestamp="2026-05-08T11:17:41.520350+00:00" hostname="agent-env-49d3bcf9-14e0-4a80-bd63-b3e3f506768a"><testcase classname="backend.tests.backend_test.TestPublicResults" name="test_results_no_auth" time="0.686" /><testcase classname="backend.tests.backend_test.TestPublicResults" name="test_results_reflects_vote_and_adjustment" time="0.294" /><testcase classname="backend.tests.backend_test.TestPublicResults" name="test_results_updated_at_changes" time="1.192" /><testcase classname="backend.tests.backend_test.TestAdminStats" name="test_stats_has_class_breakdown" time="0.043" /><testcase classname="backend.tests.backend_test.TestAdminStats" name="test_stats_by_post_has_real_adjustment_votes" time="0.052" /><testcase classname="backend.tests.backend_test.TestCandidateAdjustment" name="test_put_adjustment_persists" time="0.193" /><testcase classname="backend.tests.backend_test.TestVoteManipulation" name="test_edit_then_delete_vote" time="0.460" /><testcase classname="backend.tests.backend_test.TestVoteManipulation" name="test_edit_unknown_vote_404" time="0.051" /><testcase classname="backend.tests.backend_test.TestVoteManipulation" name="test_delete_unknown_vote_404" time="0.044" /><testcase classname="backend.tests.backend_test.TestElectionLock" name="test_close_blocks_vote_then_open_allows" time="0.547" /></testsuite></testsuites>