<?xml version="1.0" encoding="utf-8"?><testsuites name="pytest tests"><testsuite name="pytest" errors="0" failures="0" skipped="0" tests="20" time="6.642" timestamp="2026-05-08T10:59:03.400201+00:00" hostname="agent-env-49d3bcf9-14e0-4a80-bd63-b3e3f506768a"><testcase classname="backend.tests.backend_test" name="test_root" time="0.717" /><testcase classname="backend.tests.backend_test" name="test_posts_default_5_ordered" time="0.150" /><testcase classname="backend.tests.backend_test" name="test_get_user_student" time="0.162" /><testcase classname="backend.tests.backend_test" name="test_get_user_teacher" time="0.161" /><testcase classname="backend.tests.backend_test" name="test_get_user_404" time="0.100" /><testcase classname="backend.tests.backend_test" name="test_public_settings_endpoint" time="0.109" /><testcase classname="backend.tests.backend_test" name="test_vote_student_success" time="0.800" /><testcase classname="backend.tests.backend_test" name="test_vote_teacher_success" time="0.634" /><testcase classname="backend.tests.backend_test" name="test_vote_duplicate_rejected" time="0.602" /><testcase classname="backend.tests.backend_test" name="test_admin_posts_crud" time="0.445" /><testcase classname="backend.tests.backend_test" name="test_admin_posts_delete_with_votes_blocked" time="0.221" /><testcase classname="backend.tests.backend_test" name="test_users_upload_student" time="0.425" /><testcase classname="backend.tests.backend_test" name="test_users_upload_teacher" time="0.318" /><testcase classname="backend.tests.backend_test" name="test_template_student" time="0.106" /><testcase classname="backend.tests.backend_test" name="test_template_teacher" time="0.122" /><testcase classname="backend.tests.backend_test" name="test_settings_school_logo_persist" time="0.243" /><testcase classname="backend.tests.backend_test" name="test_reset_votes" time="0.246" /><testcase classname="backend.tests.backend_test" name="test_reset_all_keeps_posts" time="0.296" /><testcase classname="backend.tests.backend_test" name="test_admin_login_wrong" time="0.362" /><testcase classname="backend.tests.backend_test" name="test_admin_endpoint_no_token" time="0.128" /></testsuite></testsuites>